;  LST file generated by mikroListExporter - v.2.0 
; Date/Time: 1.12.2020. 21:22:22
;----------------------------------------------

;Address Opcode 	ASM
0x0000	0x2AFA      	GOTO       762
_Interrupt:
0x0004	0x00FF      	MOVWF      R15
0x0005	0x0E03      	SWAPF      STATUS, 0
0x0006	0x0183      	CLRF       STATUS
0x0007	0x1683      	BSF        STATUS, 5
0x0008	0x00AA      	MOVWF      ___saveSTATUS
0x0009	0x080A      	MOVF       PCLATH, 0
0x000A	0x00A8      	MOVWF      ___savePCLATH
0x000B	0x018A      	CLRF       PCLATH
0x000C	0x0870      	MOVF       R0, 0
0x000D	0x1283      	BCF        STATUS, 5
0x000E	0x00A0      	MOVWF      32
;Clock_Timer1.c,168 :: 		void Interrupt(){
;Clock_Timer1.c,169 :: 		if (TMR1IF_bit){
0x000F	0x1C0C      	BTFSS      TMR1IF_bit, BitPos(TMR1IF_bit+0)
0x0010	0x2835      	GOTO       L_Interrupt43
;Clock_Timer1.c,170 :: 		TMR1IF_bit = 0;
0x0011	0x100C      	BCF        TMR1IF_bit, BitPos(TMR1IF_bit+0)
;Clock_Timer1.c,171 :: 		TMR1H         = 0x3C;
0x0012	0x303C      	MOVLW      60
0x0013	0x008F      	MOVWF      TMR1H
;Clock_Timer1.c,172 :: 		TMR1L         = 0xB0;
0x0014	0x30B0      	MOVLW      176
0x0015	0x008E      	MOVWF      TMR1L
;Clock_Timer1.c,173 :: 		counter++;
0x0016	0x1683      	BSF        STATUS, 5
0x0017	0x0AA9      	INCF       _counter, 1
;Clock_Timer1.c,174 :: 		if(counter < 5){
0x0018	0x3005      	MOVLW      5
0x0019	0x0229      	SUBWF      _counter, 0
0x001A	0x1803      	BTFSC      STATUS, 0
0x001B	0x281D      	GOTO       L_Interrupt44
;Clock_Timer1.c,175 :: 		return;
0x001C	0x2858      	GOTO       L__Interrupt64
;Clock_Timer1.c,176 :: 		}
L_Interrupt44:
;Clock_Timer1.c,178 :: 		printToLCD = 1;
0x001D	0x3001      	MOVLW      1
0x001E	0x00A7      	MOVWF      _printToLCD
;Clock_Timer1.c,180 :: 		counter = 0;
0x001F	0x01A9      	CLRF       _counter
;Clock_Timer1.c,181 :: 		second++;
0x0020	0x0AA5      	INCF       _second, 1
;Clock_Timer1.c,182 :: 		if(second < 60){
0x0021	0x303C      	MOVLW      60
0x0022	0x0225      	SUBWF      _second, 0
0x0023	0x1803      	BTFSC      STATUS, 0
0x0024	0x2826      	GOTO       L_Interrupt45
;Clock_Timer1.c,183 :: 		return;
0x0025	0x2858      	GOTO       L__Interrupt64
;Clock_Timer1.c,184 :: 		}
L_Interrupt45:
;Clock_Timer1.c,186 :: 		second = 0;
0x0026	0x01A5      	CLRF       _second
;Clock_Timer1.c,187 :: 		min++;
0x0027	0x0AA2      	INCF       _min, 1
;Clock_Timer1.c,188 :: 		if(min < 60){
0x0028	0x303C      	MOVLW      60
0x0029	0x0222      	SUBWF      _min, 0
0x002A	0x1803      	BTFSC      STATUS, 0
0x002B	0x282D      	GOTO       L_Interrupt46
;Clock_Timer1.c,189 :: 		return;
0x002C	0x2858      	GOTO       L__Interrupt64
;Clock_Timer1.c,190 :: 		}
L_Interrupt46:
;Clock_Timer1.c,192 :: 		min = 0;
0x002D	0x01A2      	CLRF       _min
;Clock_Timer1.c,193 :: 		hour++;
0x002E	0x0AA3      	INCF       _hour, 1
;Clock_Timer1.c,194 :: 		if(hour < 24){
0x002F	0x3018      	MOVLW      24
0x0030	0x0223      	SUBWF      _hour, 0
0x0031	0x1803      	BTFSC      STATUS, 0
0x0032	0x2834      	GOTO       L_Interrupt47
;Clock_Timer1.c,195 :: 		return;
0x0033	0x2858      	GOTO       L__Interrupt64
;Clock_Timer1.c,196 :: 		}
L_Interrupt47:
;Clock_Timer1.c,197 :: 		hour = 0;
0x0034	0x01A3      	CLRF       _hour
;Clock_Timer1.c,198 :: 		}
L_Interrupt43:
;Clock_Timer1.c,200 :: 		if(RBIF_bit){
0x0035	0x1C0B      	BTFSS      RBIF_bit, BitPos(RBIF_bit+0)
0x0036	0x2858      	GOTO       L_Interrupt48
;Clock_Timer1.c,201 :: 		if(BTN_SWITCH == 0){
0x0037	0x1283      	BCF        STATUS, 5
0x0038	0x1886      	BTFSC      PORTB, 1
0x0039	0x2847      	GOTO       L_Interrupt49
;Clock_Timer1.c,202 :: 		if(changePosition<3){
0x003A	0x3003      	MOVLW      3
0x003B	0x1683      	BSF        STATUS, 5
0x003C	0x0224      	SUBWF      _changePosition, 0
0x003D	0x1803      	BTFSC      STATUS, 0
0x003E	0x2843      	GOTO       L_Interrupt50
;Clock_Timer1.c,203 :: 		changePosition++;
0x003F	0x0AA4      	INCF       _changePosition, 1
;Clock_Timer1.c,204 :: 		TMR1ON_bit = 0;
0x0040	0x1283      	BCF        STATUS, 5
0x0041	0x1010      	BCF        TMR1ON_bit, BitPos(TMR1ON_bit+0)
;Clock_Timer1.c,205 :: 		}else {
0x0042	0x2847      	GOTO       L_Interrupt51
L_Interrupt50:
;Clock_Timer1.c,206 :: 		changePosition = 0;
0x0043	0x1683      	BSF        STATUS, 5
0x0044	0x01A4      	CLRF       _changePosition
;Clock_Timer1.c,207 :: 		TMR1ON_bit = 1;
0x0045	0x1283      	BCF        STATUS, 5
0x0046	0x1410      	BSF        TMR1ON_bit, BitPos(TMR1ON_bit+0)
;Clock_Timer1.c,208 :: 		}
L_Interrupt51:
;Clock_Timer1.c,209 :: 		}
L_Interrupt49:
;Clock_Timer1.c,210 :: 		if(BTN_UP == 0){
0x0047	0x1906      	BTFSC      PORTB, 2
0x0048	0x284D      	GOTO       L_Interrupt52
;Clock_Timer1.c,211 :: 		ChangeTimeUp(changePosition);
0x0049	0x1683      	BSF        STATUS, 5
0x004A	0x0824      	MOVF       _changePosition, 0
0x004B	0x00B2      	MOVWF      FARG_ChangeTimeUp_position
0x004C	0x229F      	CALL       _ChangeTimeUp
;Clock_Timer1.c,212 :: 		}
L_Interrupt52:
;Clock_Timer1.c,213 :: 		if(BTN_DOWN == 0){
0x004D	0x1283      	BCF        STATUS, 5
0x004E	0x1986      	BTFSC      PORTB, 3
0x004F	0x2854      	GOTO       L_Interrupt53
;Clock_Timer1.c,214 :: 		ChangeTimeDown(changePosition);
0x0050	0x1683      	BSF        STATUS, 5
0x0051	0x0824      	MOVF       _changePosition, 0
0x0052	0x00B2      	MOVWF      FARG_ChangeTimeDown_position
0x0053	0x22CB      	CALL       _ChangeTimeDown
;Clock_Timer1.c,215 :: 		}
L_Interrupt53:
0x0054	0x1683      	BSF        STATUS, 5
;Clock_Timer1.c,217 :: 		printToLCD = 1;
0x0055	0x3001      	MOVLW      1
0x0056	0x00A7      	MOVWF      _printToLCD
;Clock_Timer1.c,218 :: 		RBIF_bit = 0;
0x0057	0x100B      	BCF        RBIF_bit, BitPos(RBIF_bit+0)
;Clock_Timer1.c,219 :: 		}
L_Interrupt48:
;Clock_Timer1.c,221 :: 		}
L_end_Interrupt:
L__Interrupt64:
0x0058	0x1283      	BCF        STATUS, 5
0x0059	0x0820      	MOVF       32, 0
0x005A	0x00F0      	MOVWF      R0
0x005B	0x1683      	BSF        STATUS, 5
0x005C	0x0828      	MOVF       ___savePCLATH, 0
0x005D	0x008A      	MOVWF      PCLATH
0x005E	0x0E2A      	SWAPF      ___saveSTATUS, 0
0x005F	0x0083      	MOVWF      STATUS
0x0060	0x0EFF      	SWAPF      R15, 1
0x0061	0x0E7F      	SWAPF      R15, 0
0x0062	0x0009      	RETFIE
; end of _Interrupt
_Delay_1us:
;__Lib_Delays.c,7 :: 		void Delay_1us() {
;__Lib_Delays.c,8 :: 		Delay_us(1);
0x0063	0x0000      	NOP
0x0064	0x0000      	NOP
;__Lib_Delays.c,9 :: 		}
L_end_Delay_1us:
0x0065	0x0008      	RETURN
; end of _Delay_1us
_Delay_50us:
;__Lib_Delays.c,19 :: 		void Delay_50us() {
;__Lib_Delays.c,20 :: 		Delay_us(50);
0x0066	0x3021      	MOVLW      33
0x0067	0x1283      	BCF        STATUS, 5
0x0068	0x1303      	BCF        STATUS, 6
0x0069	0x00FD      	MOVWF      R13
L_Delay_50us2:
0x006A	0x0BFD      	DECFSZ     R13, 1
0x006B	0x286A      	GOTO       L_Delay_50us2
;__Lib_Delays.c,21 :: 		}
L_end_Delay_50us:
0x006C	0x0008      	RETURN
; end of _Delay_50us
_Delay_5500us:
;__Lib_Delays.c,31 :: 		void Delay_5500us() {
;__Lib_Delays.c,32 :: 		Delay_us(5500);
0x006D	0x300F      	MOVLW      15
0x006E	0x1283      	BCF        STATUS, 5
0x006F	0x1303      	BCF        STATUS, 6
0x0070	0x00FC      	MOVWF      R12
0x0071	0x3047      	MOVLW      71
0x0072	0x00FD      	MOVWF      R13
L_Delay_5500us5:
0x0073	0x0BFD      	DECFSZ     R13, 1
0x0074	0x2873      	GOTO       L_Delay_5500us5
0x0075	0x0BFC      	DECFSZ     R12, 1
0x0076	0x2873      	GOTO       L_Delay_5500us5
0x0077	0x0000      	NOP
0x0078	0x0000      	NOP
;__Lib_Delays.c,33 :: 		}
L_end_Delay_5500us:
0x0079	0x0008      	RETURN
; end of _Delay_5500us
_Lcd_Cmd:
;__Lib_Lcd.c,18 :: 		
;__Lib_Lcd.c,20 :: 		
0x007A	0x1683      	BSF        STATUS, 5
0x007B	0x1303      	BCF        STATUS, 6
0x007C	0x1BB1      	BTFSC      FARG_Lcd_Cmd_out_char, 7
0x007D	0x2881      	GOTO       L__Lcd_Cmd21
0x007E	0x1283      	BCF        STATUS, 5
0x007F	0x1288      	BCF        LCD_D7, BitPos(LCD_D7+0)
0x0080	0x2883      	GOTO       L__Lcd_Cmd22
L__Lcd_Cmd21:
0x0081	0x1283      	BCF        STATUS, 5
0x0082	0x1688      	BSF        LCD_D7, BitPos(LCD_D7+0)
L__Lcd_Cmd22:
;__Lib_Lcd.c,21 :: 		
0x0083	0x1683      	BSF        STATUS, 5
0x0084	0x1B31      	BTFSC      FARG_Lcd_Cmd_out_char, 6
0x0085	0x2889      	GOTO       L__Lcd_Cmd23
0x0086	0x1283      	BCF        STATUS, 5
0x0087	0x1208      	BCF        LCD_D6, BitPos(LCD_D6+0)
0x0088	0x288B      	GOTO       L__Lcd_Cmd24
L__Lcd_Cmd23:
0x0089	0x1283      	BCF        STATUS, 5
0x008A	0x1608      	BSF        LCD_D6, BitPos(LCD_D6+0)
L__Lcd_Cmd24:
;__Lib_Lcd.c,22 :: 		
0x008B	0x1683      	BSF        STATUS, 5
0x008C	0x1AB1      	BTFSC      FARG_Lcd_Cmd_out_char, 5
0x008D	0x2891      	GOTO       L__Lcd_Cmd25
0x008E	0x1283      	BCF        STATUS, 5
0x008F	0x1188      	BCF        LCD_D5, BitPos(LCD_D5+0)
0x0090	0x2893      	GOTO       L__Lcd_Cmd26
L__Lcd_Cmd25:
0x0091	0x1283      	BCF        STATUS, 5
0x0092	0x1588      	BSF        LCD_D5, BitPos(LCD_D5+0)
L__Lcd_Cmd26:
;__Lib_Lcd.c,23 :: 		
0x0093	0x1683      	BSF        STATUS, 5
0x0094	0x1A31      	BTFSC      FARG_Lcd_Cmd_out_char, 4
0x0095	0x2899      	GOTO       L__Lcd_Cmd27
0x0096	0x1283      	BCF        STATUS, 5
0x0097	0x1108      	BCF        LCD_D4, BitPos(LCD_D4+0)
0x0098	0x289B      	GOTO       L__Lcd_Cmd28
L__Lcd_Cmd27:
0x0099	0x1283      	BCF        STATUS, 5
0x009A	0x1508      	BSF        LCD_D4, BitPos(LCD_D4+0)
L__Lcd_Cmd28:
;__Lib_Lcd.c,25 :: 		
0x009B	0x1683      	BSF        STATUS, 5
0x009C	0x1826      	BTFSC      __Lib_Lcd_cmd_status, BitPos(__Lib_Lcd_cmd_status+0)
0x009D	0x28A1      	GOTO       L__Lcd_Cmd29
0x009E	0x1283      	BCF        STATUS, 5
0x009F	0x1408      	BSF        LCD_RS, BitPos(LCD_RS+0)
0x00A0	0x28A3      	GOTO       L__Lcd_Cmd30
L__Lcd_Cmd29:
0x00A1	0x1283      	BCF        STATUS, 5
0x00A2	0x1008      	BCF        LCD_RS, BitPos(LCD_RS+0)
L__Lcd_Cmd30:
;__Lib_Lcd.c,28 :: 		
0x00A3	0x1488      	BSF        LCD_EN, BitPos(LCD_EN+0)
;__Lib_Lcd.c,29 :: 		
0x00A4	0x2063      	CALL       _Delay_1us
;__Lib_Lcd.c,30 :: 		
0x00A5	0x1088      	BCF        LCD_EN, BitPos(LCD_EN+0)
;__Lib_Lcd.c,33 :: 		
0x00A6	0x1683      	BSF        STATUS, 5
0x00A7	0x19B1      	BTFSC      FARG_Lcd_Cmd_out_char, 3
0x00A8	0x28AC      	GOTO       L__Lcd_Cmd31
0x00A9	0x1283      	BCF        STATUS, 5
0x00AA	0x1288      	BCF        LCD_D7, BitPos(LCD_D7+0)
0x00AB	0x28AE      	GOTO       L__Lcd_Cmd32
L__Lcd_Cmd31:
0x00AC	0x1283      	BCF        STATUS, 5
0x00AD	0x1688      	BSF        LCD_D7, BitPos(LCD_D7+0)
L__Lcd_Cmd32:
;__Lib_Lcd.c,34 :: 		
0x00AE	0x1683      	BSF        STATUS, 5
0x00AF	0x1931      	BTFSC      FARG_Lcd_Cmd_out_char, 2
0x00B0	0x28B4      	GOTO       L__Lcd_Cmd33
0x00B1	0x1283      	BCF        STATUS, 5
0x00B2	0x1208      	BCF        LCD_D6, BitPos(LCD_D6+0)
0x00B3	0x28B6      	GOTO       L__Lcd_Cmd34
L__Lcd_Cmd33:
0x00B4	0x1283      	BCF        STATUS, 5
0x00B5	0x1608      	BSF        LCD_D6, BitPos(LCD_D6+0)
L__Lcd_Cmd34:
;__Lib_Lcd.c,35 :: 		
0x00B6	0x1683      	BSF        STATUS, 5
0x00B7	0x18B1      	BTFSC      FARG_Lcd_Cmd_out_char, 1
0x00B8	0x28BC      	GOTO       L__Lcd_Cmd35
0x00B9	0x1283      	BCF        STATUS, 5
0x00BA	0x1188      	BCF        LCD_D5, BitPos(LCD_D5+0)
0x00BB	0x28BE      	GOTO       L__Lcd_Cmd36
L__Lcd_Cmd35:
0x00BC	0x1283      	BCF        STATUS, 5
0x00BD	0x1588      	BSF        LCD_D5, BitPos(LCD_D5+0)
L__Lcd_Cmd36:
;__Lib_Lcd.c,36 :: 		
0x00BE	0x1683      	BSF        STATUS, 5
0x00BF	0x1831      	BTFSC      FARG_Lcd_Cmd_out_char, 0
0x00C0	0x28C4      	GOTO       L__Lcd_Cmd37
0x00C1	0x1283      	BCF        STATUS, 5
0x00C2	0x1108      	BCF        LCD_D4, BitPos(LCD_D4+0)
0x00C3	0x28C6      	GOTO       L__Lcd_Cmd38
L__Lcd_Cmd37:
0x00C4	0x1283      	BCF        STATUS, 5
0x00C5	0x1508      	BSF        LCD_D4, BitPos(LCD_D4+0)
L__Lcd_Cmd38:
;__Lib_Lcd.c,38 :: 		
0x00C6	0x1683      	BSF        STATUS, 5
0x00C7	0x1826      	BTFSC      __Lib_Lcd_cmd_status, BitPos(__Lib_Lcd_cmd_status+0)
0x00C8	0x28CC      	GOTO       L__Lcd_Cmd39
0x00C9	0x1283      	BCF        STATUS, 5
0x00CA	0x1408      	BSF        LCD_RS, BitPos(LCD_RS+0)
0x00CB	0x28CE      	GOTO       L__Lcd_Cmd40
L__Lcd_Cmd39:
0x00CC	0x1283      	BCF        STATUS, 5
0x00CD	0x1008      	BCF        LCD_RS, BitPos(LCD_RS+0)
L__Lcd_Cmd40:
;__Lib_Lcd.c,40 :: 		
0x00CE	0x1488      	BSF        LCD_EN, BitPos(LCD_EN+0)
;__Lib_Lcd.c,41 :: 		
0x00CF	0x2063      	CALL       _Delay_1us
;__Lib_Lcd.c,42 :: 		
0x00D0	0x1088      	BCF        LCD_EN, BitPos(LCD_EN+0)
;__Lib_Lcd.c,44 :: 		
0x00D1	0x1683      	BSF        STATUS, 5
0x00D2	0x1C26      	BTFSS      __Lib_Lcd_cmd_status, BitPos(__Lib_Lcd_cmd_status+0)
0x00D3	0x28D6      	GOTO       L_Lcd_Cmd0
;__Lib_Lcd.c,45 :: 		
0x00D4	0x206D      	CALL       _Delay_5500us
0x00D5	0x28D7      	GOTO       L_Lcd_Cmd1
L_Lcd_Cmd0:
;__Lib_Lcd.c,47 :: 		
0x00D6	0x2066      	CALL       _Delay_50us
L_Lcd_Cmd1:
;__Lib_Lcd.c,48 :: 		
L_end_Lcd_Cmd:
0x00D7	0x0008      	RETURN
; end of _Lcd_Cmd
_Lcd_Chr_CP:
;__Lib_Lcd.c,50 :: 		
;__Lib_Lcd.c,52 :: 		
0x00D8	0x1683      	BSF        STATUS, 5
0x00D9	0x1303      	BCF        STATUS, 6
0x00DA	0x1026      	BCF        __Lib_Lcd_cmd_status, BitPos(__Lib_Lcd_cmd_status+0)
;__Lib_Lcd.c,53 :: 		
0x00DB	0x0830      	MOVF       FARG_Lcd_Chr_CP_out_char, 0
0x00DC	0x00B1      	MOVWF      FARG_Lcd_Cmd_out_char
0x00DD	0x207A      	CALL       _Lcd_Cmd
;__Lib_Lcd.c,54 :: 		
0x00DE	0x1683      	BSF        STATUS, 5
0x00DF	0x1426      	BSF        __Lib_Lcd_cmd_status, BitPos(__Lib_Lcd_cmd_status+0)
;__Lib_Lcd.c,55 :: 		
L_end_Lcd_Chr_CP:
0x00E0	0x0008      	RETURN
; end of _Lcd_Chr_CP
_Lcd_Out:
;__Lib_Lcd.c,184 :: 		
;__Lib_Lcd.c,187 :: 		
0x00E1	0x28F3      	GOTO       L_Lcd_Out11
;__Lib_Lcd.c,188 :: 		
L_Lcd_Out13:
0x00E2	0x3080      	MOVLW      128
0x00E3	0x1683      	BSF        STATUS, 5
0x00E4	0x1303      	BCF        STATUS, 6
0x00E5	0x00AC      	MOVWF      FARG_Lcd_Out_row
0x00E6	0x2906      	GOTO       L_Lcd_Out12
;__Lib_Lcd.c,189 :: 		
L_Lcd_Out14:
0x00E7	0x30C0      	MOVLW      192
0x00E8	0x00AC      	MOVWF      FARG_Lcd_Out_row
0x00E9	0x2906      	GOTO       L_Lcd_Out12
;__Lib_Lcd.c,190 :: 		
L_Lcd_Out15:
0x00EA	0x3094      	MOVLW      148
0x00EB	0x00AC      	MOVWF      FARG_Lcd_Out_row
0x00EC	0x2906      	GOTO       L_Lcd_Out12
;__Lib_Lcd.c,191 :: 		
L_Lcd_Out16:
0x00ED	0x30D4      	MOVLW      212
0x00EE	0x00AC      	MOVWF      FARG_Lcd_Out_row
0x00EF	0x2906      	GOTO       L_Lcd_Out12
;__Lib_Lcd.c,192 :: 		
L_Lcd_Out17:
0x00F0	0x3080      	MOVLW      128
0x00F1	0x00AC      	MOVWF      FARG_Lcd_Out_row
;__Lib_Lcd.c,193 :: 		
0x00F2	0x2906      	GOTO       L_Lcd_Out12
L_Lcd_Out11:
0x00F3	0x1683      	BSF        STATUS, 5
0x00F4	0x1303      	BCF        STATUS, 6
0x00F5	0x082C      	MOVF       FARG_Lcd_Out_row, 0
0x00F6	0x3A01      	XORLW      1
0x00F7	0x1903      	BTFSC      STATUS, 2
0x00F8	0x28E2      	GOTO       L_Lcd_Out13
0x00F9	0x082C      	MOVF       FARG_Lcd_Out_row, 0
0x00FA	0x3A02      	XORLW      2
0x00FB	0x1903      	BTFSC      STATUS, 2
0x00FC	0x28E7      	GOTO       L_Lcd_Out14
0x00FD	0x082C      	MOVF       FARG_Lcd_Out_row, 0
0x00FE	0x3A03      	XORLW      3
0x00FF	0x1903      	BTFSC      STATUS, 2
0x0100	0x28EA      	GOTO       L_Lcd_Out15
0x0101	0x082C      	MOVF       FARG_Lcd_Out_row, 0
0x0102	0x3A04      	XORLW      4
0x0103	0x1903      	BTFSC      STATUS, 2
0x0104	0x28ED      	GOTO       L_Lcd_Out16
0x0105	0x28F0      	GOTO       L_Lcd_Out17
L_Lcd_Out12:
;__Lib_Lcd.c,194 :: 		
0x0106	0x032D      	DECF       FARG_Lcd_Out_column, 0
0x0107	0x00F0      	MOVWF      R0
0x0108	0x082C      	MOVF       FARG_Lcd_Out_row, 0
0x0109	0x07F0      	ADDWF      R0, 1
0x010A	0x0870      	MOVF       R0, 0
0x010B	0x00AC      	MOVWF      FARG_Lcd_Out_row
;__Lib_Lcd.c,196 :: 		
0x010C	0x0870      	MOVF       R0, 0
0x010D	0x00B1      	MOVWF      FARG_Lcd_Cmd_out_char
0x010E	0x207A      	CALL       _Lcd_Cmd
;__Lib_Lcd.c,197 :: 		
0x010F	0x1683      	BSF        STATUS, 5
0x0110	0x1026      	BCF        __Lib_Lcd_cmd_status, BitPos(__Lib_Lcd_cmd_status+0)
;__Lib_Lcd.c,198 :: 		
0x0111	0x01AF      	CLRF       Lcd_Out_i_L0
;__Lib_Lcd.c,199 :: 		
L_Lcd_Out18:
0x0112	0x082F      	MOVF       Lcd_Out_i_L0, 0
0x0113	0x072E      	ADDWF      FARG_Lcd_Out_text, 0
0x0114	0x0084      	MOVWF      FSR
0x0115	0x0800      	MOVF       INDF, 0
0x0116	0x1903      	BTFSC      STATUS, 2
0x0117	0x2920      	GOTO       L_Lcd_Out19
;__Lib_Lcd.c,200 :: 		
0x0118	0x082F      	MOVF       Lcd_Out_i_L0, 0
0x0119	0x072E      	ADDWF      FARG_Lcd_Out_text, 0
0x011A	0x0084      	MOVWF      FSR
0x011B	0x0800      	MOVF       INDF, 0
0x011C	0x00B0      	MOVWF      FARG_Lcd_Chr_CP_out_char
0x011D	0x20D8      	CALL       _Lcd_Chr_CP
0x011E	0x0AAF      	INCF       Lcd_Out_i_L0, 1
0x011F	0x2912      	GOTO       L_Lcd_Out18
L_Lcd_Out19:
;__Lib_Lcd.c,201 :: 		
0x0120	0x1426      	BSF        __Lib_Lcd_cmd_status, BitPos(__Lib_Lcd_cmd_status+0)
;__Lib_Lcd.c,202 :: 		
L_end_Lcd_Out:
0x0121	0x0008      	RETURN
; end of _Lcd_Out
_Div_8X8_U:
;__Lib_Math.c,189 :: 		
;__Lib_Math.c,196 :: 		
0x0122	0x1283      	BCF        STATUS, 5
;__Lib_Math.c,197 :: 		
0x0123	0x1303      	BCF        STATUS, 6
;__Lib_Math.c,198 :: 		
0x0124	0x01F8      	CLRF       R8
;__Lib_Math.c,199 :: 		
0x0125	0x3008      	MOVLW      8
;__Lib_Math.c,200 :: 		
0x0126	0x00FC      	MOVWF      R12
;__Lib_Math.c,201 :: 		
0x0127	0x0D70      	RLF        R0, 0
;__Lib_Math.c,202 :: 		
0x0128	0x0DF8      	RLF        R8, 1
;__Lib_Math.c,203 :: 		
0x0129	0x0874      	MOVF       R4, 0
;__Lib_Math.c,204 :: 		
0x012A	0x02F8      	SUBWF      R8, 1
;__Lib_Math.c,205 :: 		
0x012B	0x1803      	BTFSC      STATUS, 0
;__Lib_Math.c,206 :: 		
0x012C	0x292F      	GOTO       $+3
;__Lib_Math.c,207 :: 		
0x012D	0x07F8      	ADDWF      R8, 1
;__Lib_Math.c,208 :: 		
0x012E	0x1003      	BCF        STATUS, 0
;__Lib_Math.c,209 :: 		
0x012F	0x0DF0      	RLF        R0, 1
;__Lib_Math.c,210 :: 		
0x0130	0x0BFC      	DECFSZ     R12, 1
;__Lib_Math.c,211 :: 		
0x0131	0x2927      	GOTO       $-10
;__Lib_Math.c,213 :: 		
L_end_Div_8X8_U:
0x0132	0x0008      	RETURN
; end of _Div_8X8_U
_____DoICP:
;__Lib_System.c,6 :: 		
;__Lib_System.c,9 :: 		
0x0133	0x1683      	BSF        STATUS, 5
0x0134	0x1303      	BCF        STATUS, 6
0x0135	0x0821      	MOVF       ___DoICPAddr+1, 0
0x0136	0x008A      	MOVWF      PCLATH
;__Lib_System.c,10 :: 		
0x0137	0x0820      	MOVF       ___DoICPAddr, 0
0x0138	0x0082      	MOVWF      PCL
;__Lib_System.c,12 :: 		
L_end_____DoICP:
0x0139	0x0008      	RETURN
; end of _____DoICP
_InitIoC:
;Clock_Timer1.c,65 :: 		void InitIoC(){
;Clock_Timer1.c,66 :: 		TRISB.B1 = 1;
0x013A	0x1683      	BSF        STATUS, 5
0x013B	0x1303      	BCF        STATUS, 6
0x013C	0x1486      	BSF        TRISB, 1
;Clock_Timer1.c,67 :: 		TRISB.B2 = 1;
0x013D	0x1506      	BSF        TRISB, 2
;Clock_Timer1.c,68 :: 		TRISB.B3 = 1;
0x013E	0x1586      	BSF        TRISB, 3
;Clock_Timer1.c,69 :: 		IOCB = 0x0E;
0x013F	0x300E      	MOVLW      14
0x0140	0x0096      	MOVWF      IOCB
;Clock_Timer1.c,70 :: 		RBIE_bit = 1;
0x0141	0x158B      	BSF        RBIE_bit, BitPos(RBIE_bit+0)
;Clock_Timer1.c,71 :: 		ANSEL = 0;
0x0142	0x1703      	BSF        STATUS, 6
0x0143	0x0188      	CLRF       ANSEL
;Clock_Timer1.c,72 :: 		ANSELH = 0;
0x0144	0x0189      	CLRF       ANSELH
;Clock_Timer1.c,73 :: 		}
L_end_InitIoC:
0x0145	0x0008      	RETURN
; end of _InitIoC
_printClock:
;Clock_Timer1.c,75 :: 		void printClock(){
;Clock_Timer1.c,76 :: 		clock[0] = (hour/10)%10 + 48;
0x0146	0x300A      	MOVLW      10
0x0147	0x1283      	BCF        STATUS, 5
0x0148	0x1303      	BCF        STATUS, 6
0x0149	0x00F4      	MOVWF      R4
0x014A	0x1683      	BSF        STATUS, 5
0x014B	0x0823      	MOVF       _hour, 0
0x014C	0x00F0      	MOVWF      R0
0x014D	0x2122      	CALL       _Div_8X8_U
0x014E	0x300A      	MOVLW      10
0x014F	0x00F4      	MOVWF      R4
0x0150	0x2122      	CALL       _Div_8X8_U
0x0151	0x0878      	MOVF       R8, 0
0x0152	0x00F0      	MOVWF      R0
0x0153	0x3030      	MOVLW      48
0x0154	0x0770      	ADDWF      R0, 0
0x0155	0x00BB      	MOVWF      _clock
;Clock_Timer1.c,77 :: 		clock[1] = hour%10 + 48;
0x0156	0x300A      	MOVLW      10
0x0157	0x00F4      	MOVWF      R4
0x0158	0x1683      	BSF        STATUS, 5
0x0159	0x0823      	MOVF       _hour, 0
0x015A	0x00F0      	MOVWF      R0
0x015B	0x2122      	CALL       _Div_8X8_U
0x015C	0x0878      	MOVF       R8, 0
0x015D	0x00F0      	MOVWF      R0
0x015E	0x3030      	MOVLW      48
0x015F	0x0770      	ADDWF      R0, 0
0x0160	0x00BC      	MOVWF      _clock+1
;Clock_Timer1.c,79 :: 		clock[3] = (min/10)%10 + 48;
0x0161	0x300A      	MOVLW      10
0x0162	0x00F4      	MOVWF      R4
0x0163	0x1683      	BSF        STATUS, 5
0x0164	0x0822      	MOVF       _min, 0
0x0165	0x00F0      	MOVWF      R0
0x0166	0x2122      	CALL       _Div_8X8_U
0x0167	0x300A      	MOVLW      10
0x0168	0x00F4      	MOVWF      R4
0x0169	0x2122      	CALL       _Div_8X8_U
0x016A	0x0878      	MOVF       R8, 0
0x016B	0x00F0      	MOVWF      R0
0x016C	0x3030      	MOVLW      48
0x016D	0x0770      	ADDWF      R0, 0
0x016E	0x00BE      	MOVWF      _clock+3
;Clock_Timer1.c,80 :: 		clock[4] = min%10 + 48;
0x016F	0x300A      	MOVLW      10
0x0170	0x00F4      	MOVWF      R4
0x0171	0x1683      	BSF        STATUS, 5
0x0172	0x0822      	MOVF       _min, 0
0x0173	0x00F0      	MOVWF      R0
0x0174	0x2122      	CALL       _Div_8X8_U
0x0175	0x0878      	MOVF       R8, 0
0x0176	0x00F0      	MOVWF      R0
0x0177	0x3030      	MOVLW      48
0x0178	0x0770      	ADDWF      R0, 0
0x0179	0x00BF      	MOVWF      _clock+4
;Clock_Timer1.c,82 :: 		clock[6] = (second/10)%10 + 48;
0x017A	0x300A      	MOVLW      10
0x017B	0x00F4      	MOVWF      R4
0x017C	0x1683      	BSF        STATUS, 5
0x017D	0x0825      	MOVF       _second, 0
0x017E	0x00F0      	MOVWF      R0
0x017F	0x2122      	CALL       _Div_8X8_U
0x0180	0x300A      	MOVLW      10
0x0181	0x00F4      	MOVWF      R4
0x0182	0x2122      	CALL       _Div_8X8_U
0x0183	0x0878      	MOVF       R8, 0
0x0184	0x00F0      	MOVWF      R0
0x0185	0x3030      	MOVLW      48
0x0186	0x0770      	ADDWF      R0, 0
0x0187	0x00C1      	MOVWF      _clock+6
;Clock_Timer1.c,83 :: 		clock[7] = second%10 + 48;
0x0188	0x300A      	MOVLW      10
0x0189	0x00F4      	MOVWF      R4
0x018A	0x1683      	BSF        STATUS, 5
0x018B	0x0825      	MOVF       _second, 0
0x018C	0x00F0      	MOVWF      R0
0x018D	0x2122      	CALL       _Div_8X8_U
0x018E	0x0878      	MOVF       R8, 0
0x018F	0x00F0      	MOVWF      R0
0x0190	0x3030      	MOVLW      48
0x0191	0x0770      	ADDWF      R0, 0
0x0192	0x00C2      	MOVWF      _clock+7
;Clock_Timer1.c,85 :: 		Lcd_Out(1,1, clock);
0x0193	0x3001      	MOVLW      1
0x0194	0x1683      	BSF        STATUS, 5
0x0195	0x00AC      	MOVWF      FARG_Lcd_Out_row
0x0196	0x3001      	MOVLW      1
0x0197	0x00AD      	MOVWF      FARG_Lcd_Out_column
0x0198	0x303B      	MOVLW      _clock
0x0199	0x00AE      	MOVWF      FARG_Lcd_Out_text
0x019A	0x20E1      	CALL       _Lcd_Out
;Clock_Timer1.c,87 :: 		switch(changePosition){
0x019B	0x29BC      	GOTO       L_printClock13
;Clock_Timer1.c,88 :: 		case 0:
L_printClock15:
;Clock_Timer1.c,89 :: 		Lcd_Out(2,1, "         ");
0x019C	0x3002      	MOVLW      2
0x019D	0x00AC      	MOVWF      FARG_Lcd_Out_row
0x019E	0x3001      	MOVLW      1
0x019F	0x00AD      	MOVWF      FARG_Lcd_Out_column
0x01A0	0x3044      	MOVLW      ?lstr4_Clock_Timer1
0x01A1	0x00AE      	MOVWF      FARG_Lcd_Out_text
0x01A2	0x20E1      	CALL       _Lcd_Out
;Clock_Timer1.c,90 :: 		break;
0x01A3	0x29CC      	GOTO       L_printClock14
;Clock_Timer1.c,91 :: 		case 1:
L_printClock16:
;Clock_Timer1.c,92 :: 		Lcd_Out(2,1, " ^       ");
0x01A4	0x3002      	MOVLW      2
0x01A5	0x00AC      	MOVWF      FARG_Lcd_Out_row
0x01A6	0x3001      	MOVLW      1
0x01A7	0x00AD      	MOVWF      FARG_Lcd_Out_column
0x01A8	0x305C      	MOVLW      ?lstr5_Clock_Timer1
0x01A9	0x00AE      	MOVWF      FARG_Lcd_Out_text
0x01AA	0x20E1      	CALL       _Lcd_Out
;Clock_Timer1.c,93 :: 		break;
0x01AB	0x29CC      	GOTO       L_printClock14
;Clock_Timer1.c,94 :: 		case 2:
L_printClock17:
;Clock_Timer1.c,95 :: 		Lcd_Out(2,1, "    ^    ");
0x01AC	0x3002      	MOVLW      2
0x01AD	0x00AC      	MOVWF      FARG_Lcd_Out_row
0x01AE	0x3001      	MOVLW      1
0x01AF	0x00AD      	MOVWF      FARG_Lcd_Out_column
0x01B0	0x3066      	MOVLW      ?lstr6_Clock_Timer1
0x01B1	0x00AE      	MOVWF      FARG_Lcd_Out_text
0x01B2	0x20E1      	CALL       _Lcd_Out
;Clock_Timer1.c,96 :: 		break;
0x01B3	0x29CC      	GOTO       L_printClock14
;Clock_Timer1.c,97 :: 		case 3:
L_printClock18:
;Clock_Timer1.c,98 :: 		Lcd_Out(2,1, "       ^ ");
0x01B4	0x3002      	MOVLW      2
0x01B5	0x00AC      	MOVWF      FARG_Lcd_Out_row
0x01B6	0x3001      	MOVLW      1
0x01B7	0x00AD      	MOVWF      FARG_Lcd_Out_column
0x01B8	0x304E      	MOVLW      ?lstr7_Clock_Timer1
0x01B9	0x00AE      	MOVWF      FARG_Lcd_Out_text
0x01BA	0x20E1      	CALL       _Lcd_Out
;Clock_Timer1.c,99 :: 		break;
0x01BB	0x29CC      	GOTO       L_printClock14
;Clock_Timer1.c,101 :: 		}
L_printClock13:
0x01BC	0x0824      	MOVF       _changePosition, 0
0x01BD	0x3A00      	XORLW      0
0x01BE	0x1903      	BTFSC      STATUS, 2
0x01BF	0x299C      	GOTO       L_printClock15
0x01C0	0x0824      	MOVF       _changePosition, 0
0x01C1	0x3A01      	XORLW      1
0x01C2	0x1903      	BTFSC      STATUS, 2
0x01C3	0x29A4      	GOTO       L_printClock16
0x01C4	0x0824      	MOVF       _changePosition, 0
0x01C5	0x3A02      	XORLW      2
0x01C6	0x1903      	BTFSC      STATUS, 2
0x01C7	0x29AC      	GOTO       L_printClock17
0x01C8	0x0824      	MOVF       _changePosition, 0
0x01C9	0x3A03      	XORLW      3
0x01CA	0x1903      	BTFSC      STATUS, 2
0x01CB	0x29B4      	GOTO       L_printClock18
L_printClock14:
;Clock_Timer1.c,103 :: 		}
L_end_printClock:
0x01CC	0x0008      	RETURN
; end of _printClock
_Welcomm:
;Clock_Timer1.c,27 :: 		void Welcomm(){
;Clock_Timer1.c,29 :: 		Lcd_Out(1,7,"DRY");
0x01CD	0x3001      	MOVLW      1
0x01CE	0x1683      	BSF        STATUS, 5
0x01CF	0x1303      	BCF        STATUS, 6
0x01D0	0x00AC      	MOVWF      FARG_Lcd_Out_row
0x01D1	0x3007      	MOVLW      7
0x01D2	0x00AD      	MOVWF      FARG_Lcd_Out_column
0x01D3	0x3037      	MOVLW      ?lstr1_Clock_Timer1
0x01D4	0x00AE      	MOVWF      FARG_Lcd_Out_text
0x01D5	0x20E1      	CALL       _Lcd_Out
;Clock_Timer1.c,30 :: 		Lcd_Out(2,1,"Don't repeat yourself");
0x01D6	0x3002      	MOVLW      2
0x01D7	0x00AC      	MOVWF      FARG_Lcd_Out_row
0x01D8	0x3001      	MOVLW      1
0x01D9	0x00AD      	MOVWF      FARG_Lcd_Out_column
0x01DA	0x3021      	MOVLW      ?lstr2_Clock_Timer1
0x01DB	0x00AE      	MOVWF      FARG_Lcd_Out_text
0x01DC	0x20E1      	CALL       _Lcd_Out
;Clock_Timer1.c,32 :: 		for(i=0; i<8; i++) {             // Move text to the left 7 times
0x01DD	0x01AB      	CLRF       Welcomm_i_L0
L_Welcomm0:
0x01DE	0x3008      	MOVLW      8
0x01DF	0x022B      	SUBWF      Welcomm_i_L0, 0
0x01E0	0x1803      	BTFSC      STATUS, 0
0x01E1	0x29F2      	GOTO       L_Welcomm1
;Clock_Timer1.c,33 :: 		Lcd_Cmd(_LCD_SHIFT_LEFT);
0x01E2	0x3018      	MOVLW      24
0x01E3	0x00B1      	MOVWF      FARG_Lcd_Cmd_out_char
0x01E4	0x207A      	CALL       _Lcd_Cmd
;Clock_Timer1.c,34 :: 		Delay_ms(50);
0x01E5	0x3082      	MOVLW      130
0x01E6	0x00FC      	MOVWF      R12
0x01E7	0x30DD      	MOVLW      221
0x01E8	0x00FD      	MOVWF      R13
L_Welcomm3:
0x01E9	0x0BFD      	DECFSZ     R13, 1
0x01EA	0x29E9      	GOTO       L_Welcomm3
0x01EB	0x0BFC      	DECFSZ     R12, 1
0x01EC	0x29E9      	GOTO       L_Welcomm3
0x01ED	0x0000      	NOP
0x01EE	0x0000      	NOP
;Clock_Timer1.c,32 :: 		for(i=0; i<8; i++) {             // Move text to the left 7 times
0x01EF	0x1683      	BSF        STATUS, 5
0x01F0	0x0AAB      	INCF       Welcomm_i_L0, 1
;Clock_Timer1.c,35 :: 		}
0x01F1	0x29DE      	GOTO       L_Welcomm0
L_Welcomm1:
;Clock_Timer1.c,37 :: 		for(i=0; i<8; i++) {             // Move text to the right 7 times
0x01F2	0x01AB      	CLRF       Welcomm_i_L0
L_Welcomm4:
0x01F3	0x3008      	MOVLW      8
0x01F4	0x022B      	SUBWF      Welcomm_i_L0, 0
0x01F5	0x1803      	BTFSC      STATUS, 0
0x01F6	0x2A07      	GOTO       L_Welcomm5
;Clock_Timer1.c,38 :: 		Lcd_Cmd(_LCD_SHIFT_RIGHT);
0x01F7	0x301C      	MOVLW      28
0x01F8	0x00B1      	MOVWF      FARG_Lcd_Cmd_out_char
0x01F9	0x207A      	CALL       _Lcd_Cmd
;Clock_Timer1.c,39 :: 		Delay_ms(50);
0x01FA	0x3082      	MOVLW      130
0x01FB	0x00FC      	MOVWF      R12
0x01FC	0x30DD      	MOVLW      221
0x01FD	0x00FD      	MOVWF      R13
L_Welcomm7:
0x01FE	0x0BFD      	DECFSZ     R13, 1
0x01FF	0x29FE      	GOTO       L_Welcomm7
0x0200	0x0BFC      	DECFSZ     R12, 1
0x0201	0x29FE      	GOTO       L_Welcomm7
0x0202	0x0000      	NOP
0x0203	0x0000      	NOP
;Clock_Timer1.c,37 :: 		for(i=0; i<8; i++) {             // Move text to the right 7 times
0x0204	0x1683      	BSF        STATUS, 5
0x0205	0x0AAB      	INCF       Welcomm_i_L0, 1
;Clock_Timer1.c,40 :: 		}
0x0206	0x29F3      	GOTO       L_Welcomm4
L_Welcomm5:
;Clock_Timer1.c,42 :: 		Lcd_Cmd(_LCD_CLEAR);
0x0207	0x3001      	MOVLW      1
0x0208	0x00B1      	MOVWF      FARG_Lcd_Cmd_out_char
0x0209	0x207A      	CALL       _Lcd_Cmd
;Clock_Timer1.c,44 :: 		for(i=0; i<8; i++) {
0x020A	0x1683      	BSF        STATUS, 5
0x020B	0x01AB      	CLRF       Welcomm_i_L0
L_Welcomm8:
0x020C	0x3008      	MOVLW      8
0x020D	0x022B      	SUBWF      Welcomm_i_L0, 0
0x020E	0x1803      	BTFSC      STATUS, 0
0x020F	0x2A32      	GOTO       L_Welcomm9
;Clock_Timer1.c,45 :: 		Lcd_Out(1,8,"DRY");
0x0210	0x3001      	MOVLW      1
0x0211	0x00AC      	MOVWF      FARG_Lcd_Out_row
0x0212	0x3008      	MOVLW      8
0x0213	0x00AD      	MOVWF      FARG_Lcd_Out_column
0x0214	0x3058      	MOVLW      ?lstr3_Clock_Timer1
0x0215	0x00AE      	MOVWF      FARG_Lcd_Out_text
0x0216	0x20E1      	CALL       _Lcd_Out
;Clock_Timer1.c,46 :: 		Delay_ms(120);
0x0217	0x3002      	MOVLW      2
0x0218	0x00FB      	MOVWF      R11
0x0219	0x3038      	MOVLW      56
0x021A	0x00FC      	MOVWF      R12
0x021B	0x30AD      	MOVLW      173
0x021C	0x00FD      	MOVWF      R13
L_Welcomm11:
0x021D	0x0BFD      	DECFSZ     R13, 1
0x021E	0x2A1D      	GOTO       L_Welcomm11
0x021F	0x0BFC      	DECFSZ     R12, 1
0x0220	0x2A1D      	GOTO       L_Welcomm11
0x0221	0x0BFB      	DECFSZ     R11, 1
0x0222	0x2A1D      	GOTO       L_Welcomm11
;Clock_Timer1.c,47 :: 		Lcd_Cmd(_LCD_CLEAR);
0x0223	0x3001      	MOVLW      1
0x0224	0x00B1      	MOVWF      FARG_Lcd_Cmd_out_char
0x0225	0x207A      	CALL       _Lcd_Cmd
;Clock_Timer1.c,48 :: 		Delay_ms(10);
0x0226	0x301A      	MOVLW      26
0x0227	0x00FC      	MOVWF      R12
0x0228	0x30F8      	MOVLW      248
0x0229	0x00FD      	MOVWF      R13
L_Welcomm12:
0x022A	0x0BFD      	DECFSZ     R13, 1
0x022B	0x2A2A      	GOTO       L_Welcomm12
0x022C	0x0BFC      	DECFSZ     R12, 1
0x022D	0x2A2A      	GOTO       L_Welcomm12
0x022E	0x0000      	NOP
;Clock_Timer1.c,44 :: 		for(i=0; i<8; i++) {
0x022F	0x1683      	BSF        STATUS, 5
0x0230	0x0AAB      	INCF       Welcomm_i_L0, 1
;Clock_Timer1.c,49 :: 		}
0x0231	0x2A0C      	GOTO       L_Welcomm8
L_Welcomm9:
;Clock_Timer1.c,50 :: 		Lcd_Cmd(_LCD_CLEAR);
0x0232	0x3001      	MOVLW      1
0x0233	0x00B1      	MOVWF      FARG_Lcd_Cmd_out_char
0x0234	0x207A      	CALL       _Lcd_Cmd
;Clock_Timer1.c,52 :: 		}
L_end_Welcomm:
0x0235	0x0008      	RETURN
; end of _Welcomm
_Lcd_Init:
;__Lib_Lcd.c,84 :: 		
;__Lib_Lcd.c,86 :: 		
0x0236	0x1683      	BSF        STATUS, 5
0x0237	0x1303      	BCF        STATUS, 6
0x0238	0x1088      	BCF        LCD_EN_Direction, BitPos(LCD_EN_Direction+0)
;__Lib_Lcd.c,87 :: 		
0x0239	0x1008      	BCF        LCD_RS_Direction, BitPos(LCD_RS_Direction+0)
;__Lib_Lcd.c,88 :: 		
0x023A	0x1108      	BCF        LCD_D4_Direction, BitPos(LCD_D4_Direction+0)
;__Lib_Lcd.c,89 :: 		
0x023B	0x1188      	BCF        LCD_D5_Direction, BitPos(LCD_D5_Direction+0)
;__Lib_Lcd.c,90 :: 		
0x023C	0x1208      	BCF        LCD_D6_Direction, BitPos(LCD_D6_Direction+0)
;__Lib_Lcd.c,91 :: 		
0x023D	0x1288      	BCF        LCD_D7_Direction, BitPos(LCD_D7_Direction+0)
;__Lib_Lcd.c,93 :: 		
0x023E	0x1283      	BCF        STATUS, 5
0x023F	0x1088      	BCF        LCD_EN, BitPos(LCD_EN+0)
;__Lib_Lcd.c,94 :: 		
0x0240	0x1008      	BCF        LCD_RS, BitPos(LCD_RS+0)
;__Lib_Lcd.c,95 :: 		
0x0241	0x1288      	BCF        LCD_D7, BitPos(LCD_D7+0)
;__Lib_Lcd.c,96 :: 		
0x0242	0x1208      	BCF        LCD_D6, BitPos(LCD_D6+0)
;__Lib_Lcd.c,97 :: 		
0x0243	0x1188      	BCF        LCD_D5, BitPos(LCD_D5+0)
;__Lib_Lcd.c,98 :: 		
0x0244	0x1108      	BCF        LCD_D4, BitPos(LCD_D4+0)
;__Lib_Lcd.c,100 :: 		
0x0245	0x206D      	CALL       _Delay_5500us
;__Lib_Lcd.c,101 :: 		
0x0246	0x206D      	CALL       _Delay_5500us
;__Lib_Lcd.c,102 :: 		
0x0247	0x206D      	CALL       _Delay_5500us
;__Lib_Lcd.c,105 :: 		
0x0248	0x1588      	BSF        LCD_D5, BitPos(LCD_D5+0)
;__Lib_Lcd.c,106 :: 		
0x0249	0x1508      	BSF        LCD_D4, BitPos(LCD_D4+0)
;__Lib_Lcd.c,107 :: 		
0x024A	0x1488      	BSF        LCD_EN, BitPos(LCD_EN+0)
;__Lib_Lcd.c,108 :: 		
0x024B	0x2063      	CALL       _Delay_1us
;__Lib_Lcd.c,109 :: 		
0x024C	0x1088      	BCF        LCD_EN, BitPos(LCD_EN+0)
;__Lib_Lcd.c,110 :: 		
0x024D	0x206D      	CALL       _Delay_5500us
;__Lib_Lcd.c,112 :: 		
0x024E	0x1488      	BSF        LCD_EN, BitPos(LCD_EN+0)
;__Lib_Lcd.c,113 :: 		
0x024F	0x2063      	CALL       _Delay_1us
;__Lib_Lcd.c,114 :: 		
0x0250	0x1088      	BCF        LCD_EN, BitPos(LCD_EN+0)
;__Lib_Lcd.c,115 :: 		
0x0251	0x206D      	CALL       _Delay_5500us
;__Lib_Lcd.c,117 :: 		
0x0252	0x1488      	BSF        LCD_EN, BitPos(LCD_EN+0)
;__Lib_Lcd.c,118 :: 		
0x0253	0x2063      	CALL       _Delay_1us
;__Lib_Lcd.c,119 :: 		
0x0254	0x1088      	BCF        LCD_EN, BitPos(LCD_EN+0)
;__Lib_Lcd.c,120 :: 		
0x0255	0x206D      	CALL       _Delay_5500us
;__Lib_Lcd.c,123 :: 		
0x0256	0x1108      	BCF        LCD_D4, BitPos(LCD_D4+0)
;__Lib_Lcd.c,124 :: 		
0x0257	0x1488      	BSF        LCD_EN, BitPos(LCD_EN+0)
;__Lib_Lcd.c,125 :: 		
0x0258	0x2063      	CALL       _Delay_1us
;__Lib_Lcd.c,126 :: 		
0x0259	0x1088      	BCF        LCD_EN, BitPos(LCD_EN+0)
;__Lib_Lcd.c,127 :: 		
0x025A	0x206D      	CALL       _Delay_5500us
;__Lib_Lcd.c,130 :: 		
0x025B	0x1488      	BSF        LCD_EN, BitPos(LCD_EN+0)
;__Lib_Lcd.c,131 :: 		
0x025C	0x2063      	CALL       _Delay_1us
;__Lib_Lcd.c,132 :: 		
0x025D	0x1088      	BCF        LCD_EN, BitPos(LCD_EN+0)
;__Lib_Lcd.c,134 :: 		
0x025E	0x1188      	BCF        LCD_D5, BitPos(LCD_D5+0)
;__Lib_Lcd.c,135 :: 		
0x025F	0x1688      	BSF        LCD_D7, BitPos(LCD_D7+0)
;__Lib_Lcd.c,136 :: 		
0x0260	0x1488      	BSF        LCD_EN, BitPos(LCD_EN+0)
;__Lib_Lcd.c,137 :: 		
0x0261	0x2063      	CALL       _Delay_1us
;__Lib_Lcd.c,138 :: 		
0x0262	0x1088      	BCF        LCD_EN, BitPos(LCD_EN+0)
;__Lib_Lcd.c,139 :: 		
0x0263	0x206D      	CALL       _Delay_5500us
;__Lib_Lcd.c,142 :: 		
0x0264	0x1288      	BCF        LCD_D7, BitPos(LCD_D7+0)
;__Lib_Lcd.c,143 :: 		
0x0265	0x1508      	BSF        LCD_D4, BitPos(LCD_D4+0)
;__Lib_Lcd.c,144 :: 		
0x0266	0x1488      	BSF        LCD_EN, BitPos(LCD_EN+0)
;__Lib_Lcd.c,145 :: 		
0x0267	0x2063      	CALL       _Delay_1us
;__Lib_Lcd.c,146 :: 		
0x0268	0x1088      	BCF        LCD_EN, BitPos(LCD_EN+0)
;__Lib_Lcd.c,148 :: 		
0x0269	0x1108      	BCF        LCD_D4, BitPos(LCD_D4+0)
;__Lib_Lcd.c,149 :: 		
0x026A	0x1488      	BSF        LCD_EN, BitPos(LCD_EN+0)
;__Lib_Lcd.c,150 :: 		
0x026B	0x2063      	CALL       _Delay_1us
;__Lib_Lcd.c,151 :: 		
0x026C	0x1088      	BCF        LCD_EN, BitPos(LCD_EN+0)
;__Lib_Lcd.c,152 :: 		
0x026D	0x206D      	CALL       _Delay_5500us
;__Lib_Lcd.c,155 :: 		
0x026E	0x1488      	BSF        LCD_EN, BitPos(LCD_EN+0)
;__Lib_Lcd.c,156 :: 		
0x026F	0x2063      	CALL       _Delay_1us
;__Lib_Lcd.c,157 :: 		
0x0270	0x1088      	BCF        LCD_EN, BitPos(LCD_EN+0)
;__Lib_Lcd.c,159 :: 		
0x0271	0x1508      	BSF        LCD_D4, BitPos(LCD_D4+0)
;__Lib_Lcd.c,160 :: 		
0x0272	0x1488      	BSF        LCD_EN, BitPos(LCD_EN+0)
;__Lib_Lcd.c,161 :: 		
0x0273	0x2063      	CALL       _Delay_1us
;__Lib_Lcd.c,162 :: 		
0x0274	0x1088      	BCF        LCD_EN, BitPos(LCD_EN+0)
;__Lib_Lcd.c,163 :: 		
0x0275	0x206D      	CALL       _Delay_5500us
;__Lib_Lcd.c,166 :: 		
0x0276	0x1108      	BCF        LCD_D4, BitPos(LCD_D4+0)
;__Lib_Lcd.c,167 :: 		
0x0277	0x1488      	BSF        LCD_EN, BitPos(LCD_EN+0)
;__Lib_Lcd.c,168 :: 		
0x0278	0x2063      	CALL       _Delay_1us
;__Lib_Lcd.c,169 :: 		
0x0279	0x1088      	BCF        LCD_EN, BitPos(LCD_EN+0)
;__Lib_Lcd.c,171 :: 		
0x027A	0x1688      	BSF        LCD_D7, BitPos(LCD_D7+0)
;__Lib_Lcd.c,172 :: 		
0x027B	0x1608      	BSF        LCD_D6, BitPos(LCD_D6+0)
;__Lib_Lcd.c,173 :: 		
0x027C	0x1588      	BSF        LCD_D5, BitPos(LCD_D5+0)
;__Lib_Lcd.c,174 :: 		
0x027D	0x1508      	BSF        LCD_D4, BitPos(LCD_D4+0)
;__Lib_Lcd.c,175 :: 		
0x027E	0x1488      	BSF        LCD_EN, BitPos(LCD_EN+0)
;__Lib_Lcd.c,176 :: 		
0x027F	0x2063      	CALL       _Delay_1us
;__Lib_Lcd.c,177 :: 		
0x0280	0x1088      	BCF        LCD_EN, BitPos(LCD_EN+0)
;__Lib_Lcd.c,179 :: 		
0x0281	0x206D      	CALL       _Delay_5500us
;__Lib_Lcd.c,181 :: 		
0x0282	0x1683      	BSF        STATUS, 5
0x0283	0x1426      	BSF        __Lib_Lcd_cmd_status, BitPos(__Lib_Lcd_cmd_status+0)
;__Lib_Lcd.c,182 :: 		
L_end_Lcd_Init:
0x0284	0x0008      	RETURN
; end of _Lcd_Init
_InitTimer1:
;Clock_Timer1.c,56 :: 		void InitTimer1(){
;Clock_Timer1.c,57 :: 		T1CON         = 0x31;
0x0285	0x3031      	MOVLW      49
0x0286	0x1283      	BCF        STATUS, 5
0x0287	0x1303      	BCF        STATUS, 6
0x0288	0x0090      	MOVWF      T1CON
;Clock_Timer1.c,58 :: 		TMR1IF_bit         = 0;
0x0289	0x100C      	BCF        TMR1IF_bit, BitPos(TMR1IF_bit+0)
;Clock_Timer1.c,59 :: 		TMR1H         = 0x3C;
0x028A	0x303C      	MOVLW      60
0x028B	0x008F      	MOVWF      TMR1H
;Clock_Timer1.c,60 :: 		TMR1L         = 0xB0;
0x028C	0x30B0      	MOVLW      176
0x028D	0x008E      	MOVWF      TMR1L
;Clock_Timer1.c,61 :: 		TMR1IE_bit         = 1;
0x028E	0x1683      	BSF        STATUS, 5
0x028F	0x140C      	BSF        TMR1IE_bit, BitPos(TMR1IE_bit+0)
;Clock_Timer1.c,62 :: 		INTCON         = 0xC0;
0x0290	0x30C0      	MOVLW      192
0x0291	0x008B      	MOVWF      INTCON
;Clock_Timer1.c,63 :: 		}
L_end_InitTimer1:
0x0292	0x0008      	RETURN
; end of _InitTimer1
___CC2DW:
;__Lib_System.c,134 :: 		
;__Lib_System.c,137 :: 		
_CC2D_Loop1:
;__Lib_System.c,139 :: 		
0x0293	0x2133      	CALL       _____DoICP
0x0294	0x118A      	BCF        PCLATH, 3
0x0295	0x120A      	BCF        PCLATH, 4
;__Lib_System.c,141 :: 		
0x0296	0x0080      	MOVWF      INDF
;__Lib_System.c,142 :: 		
0x0297	0x0A84      	INCF       FSR, 1
;__Lib_System.c,143 :: 		
0x0298	0x0AA0      	INCF       ___DoICPAddr, 1
;__Lib_System.c,145 :: 		
0x0299	0x1903      	BTFSC      STATUS, 2
;__Lib_System.c,146 :: 		
0x029A	0x0AA1      	INCF       ___DoICPAddr+1, 1
;__Lib_System.c,147 :: 		
0x029B	0x03F0      	DECF       R0, 1
;__Lib_System.c,149 :: 		
0x029C	0x1D03      	BTFSS      STATUS, 2
;__Lib_System.c,150 :: 		
0x029D	0x2A93      	GOTO       _CC2D_Loop1
;__Lib_System.c,152 :: 		
L_end___CC2DW:
0x029E	0x0008      	RETURN
; end of ___CC2DW
_ChangeTimeUp:
;Clock_Timer1.c,105 :: 		void ChangeTimeUp(uint8_t position){
;Clock_Timer1.c,106 :: 		switch(position){
0x029F	0x2ABB      	GOTO       L_ChangeTimeUp19
;Clock_Timer1.c,107 :: 		case 1:
L_ChangeTimeUp21:
;Clock_Timer1.c,108 :: 		if(hour < 24){
0x02A0	0x3018      	MOVLW      24
0x02A1	0x1683      	BSF        STATUS, 5
0x02A2	0x1303      	BCF        STATUS, 6
0x02A3	0x0223      	SUBWF      _hour, 0
0x02A4	0x1803      	BTFSC      STATUS, 0
0x02A5	0x2AA8      	GOTO       L_ChangeTimeUp22
;Clock_Timer1.c,109 :: 		hour++ ;
0x02A6	0x0AA3      	INCF       _hour, 1
;Clock_Timer1.c,110 :: 		}
0x02A7	0x2AA9      	GOTO       L_ChangeTimeUp23
L_ChangeTimeUp22:
;Clock_Timer1.c,112 :: 		hour = 0;
0x02A8	0x01A3      	CLRF       _hour
;Clock_Timer1.c,113 :: 		}
L_ChangeTimeUp23:
;Clock_Timer1.c,114 :: 		break;
0x02A9	0x2ACA      	GOTO       L_ChangeTimeUp20
;Clock_Timer1.c,115 :: 		case 2:
L_ChangeTimeUp24:
;Clock_Timer1.c,116 :: 		if(min < 60){
0x02AA	0x303C      	MOVLW      60
0x02AB	0x0222      	SUBWF      _min, 0
0x02AC	0x1803      	BTFSC      STATUS, 0
0x02AD	0x2AB0      	GOTO       L_ChangeTimeUp25
;Clock_Timer1.c,117 :: 		min++ ;
0x02AE	0x0AA2      	INCF       _min, 1
;Clock_Timer1.c,118 :: 		}
0x02AF	0x2AB1      	GOTO       L_ChangeTimeUp26
L_ChangeTimeUp25:
;Clock_Timer1.c,120 :: 		min = 0;
0x02B0	0x01A2      	CLRF       _min
;Clock_Timer1.c,121 :: 		}
L_ChangeTimeUp26:
;Clock_Timer1.c,122 :: 		break;
0x02B1	0x2ACA      	GOTO       L_ChangeTimeUp20
;Clock_Timer1.c,123 :: 		case 3:
L_ChangeTimeUp27:
;Clock_Timer1.c,124 :: 		if(second < 60){
0x02B2	0x303C      	MOVLW      60
0x02B3	0x0225      	SUBWF      _second, 0
0x02B4	0x1803      	BTFSC      STATUS, 0
0x02B5	0x2AB8      	GOTO       L_ChangeTimeUp28
;Clock_Timer1.c,125 :: 		second++ ;
0x02B6	0x0AA5      	INCF       _second, 1
;Clock_Timer1.c,126 :: 		}
0x02B7	0x2AB9      	GOTO       L_ChangeTimeUp29
L_ChangeTimeUp28:
;Clock_Timer1.c,128 :: 		second = 0;
0x02B8	0x01A5      	CLRF       _second
;Clock_Timer1.c,129 :: 		}
L_ChangeTimeUp29:
;Clock_Timer1.c,130 :: 		break;
0x02B9	0x2ACA      	GOTO       L_ChangeTimeUp20
;Clock_Timer1.c,131 :: 		default:
L_ChangeTimeUp30:
;Clock_Timer1.c,132 :: 		break;
0x02BA	0x2ACA      	GOTO       L_ChangeTimeUp20
;Clock_Timer1.c,133 :: 		}
L_ChangeTimeUp19:
0x02BB	0x1683      	BSF        STATUS, 5
0x02BC	0x1303      	BCF        STATUS, 6
0x02BD	0x0832      	MOVF       FARG_ChangeTimeUp_position, 0
0x02BE	0x3A01      	XORLW      1
0x02BF	0x1903      	BTFSC      STATUS, 2
0x02C0	0x2AA0      	GOTO       L_ChangeTimeUp21
0x02C1	0x0832      	MOVF       FARG_ChangeTimeUp_position, 0
0x02C2	0x3A02      	XORLW      2
0x02C3	0x1903      	BTFSC      STATUS, 2
0x02C4	0x2AAA      	GOTO       L_ChangeTimeUp24
0x02C5	0x0832      	MOVF       FARG_ChangeTimeUp_position, 0
0x02C6	0x3A03      	XORLW      3
0x02C7	0x1903      	BTFSC      STATUS, 2
0x02C8	0x2AB2      	GOTO       L_ChangeTimeUp27
0x02C9	0x2ABA      	GOTO       L_ChangeTimeUp30
L_ChangeTimeUp20:
;Clock_Timer1.c,134 :: 		}
L_end_ChangeTimeUp:
0x02CA	0x0008      	RETURN
; end of _ChangeTimeUp
_ChangeTimeDown:
;Clock_Timer1.c,136 :: 		void ChangeTimeDown(uint8_t position){
;Clock_Timer1.c,138 :: 		switch(position){
0x02CB	0x2AEA      	GOTO       L_ChangeTimeDown31
;Clock_Timer1.c,139 :: 		case 1:
L_ChangeTimeDown33:
;Clock_Timer1.c,140 :: 		if(hour > 0){
0x02CC	0x1683      	BSF        STATUS, 5
0x02CD	0x1303      	BCF        STATUS, 6
0x02CE	0x0823      	MOVF       _hour, 0
0x02CF	0x3C00      	SUBLW      0
0x02D0	0x1803      	BTFSC      STATUS, 0
0x02D1	0x2AD4      	GOTO       L_ChangeTimeDown34
;Clock_Timer1.c,141 :: 		hour--;
0x02D2	0x03A3      	DECF       _hour, 1
;Clock_Timer1.c,142 :: 		}
0x02D3	0x2AD6      	GOTO       L_ChangeTimeDown35
L_ChangeTimeDown34:
;Clock_Timer1.c,144 :: 		hour = 23;
0x02D4	0x3017      	MOVLW      23
0x02D5	0x00A3      	MOVWF      _hour
;Clock_Timer1.c,145 :: 		}
L_ChangeTimeDown35:
;Clock_Timer1.c,146 :: 		break;
0x02D6	0x2AF9      	GOTO       L_ChangeTimeDown32
;Clock_Timer1.c,147 :: 		case 2:
L_ChangeTimeDown36:
;Clock_Timer1.c,148 :: 		if(min > 0){
0x02D7	0x0822      	MOVF       _min, 0
0x02D8	0x3C00      	SUBLW      0
0x02D9	0x1803      	BTFSC      STATUS, 0
0x02DA	0x2ADD      	GOTO       L_ChangeTimeDown37
;Clock_Timer1.c,149 :: 		min--;
0x02DB	0x03A2      	DECF       _min, 1
;Clock_Timer1.c,150 :: 		}
0x02DC	0x2ADF      	GOTO       L_ChangeTimeDown38
L_ChangeTimeDown37:
;Clock_Timer1.c,152 :: 		min = 59;
0x02DD	0x303B      	MOVLW      59
0x02DE	0x00A2      	MOVWF      _min
;Clock_Timer1.c,153 :: 		}
L_ChangeTimeDown38:
;Clock_Timer1.c,154 :: 		break;
0x02DF	0x2AF9      	GOTO       L_ChangeTimeDown32
;Clock_Timer1.c,155 :: 		case 3:
L_ChangeTimeDown39:
;Clock_Timer1.c,156 :: 		if(second > 0){
0x02E0	0x0825      	MOVF       _second, 0
0x02E1	0x3C00      	SUBLW      0
0x02E2	0x1803      	BTFSC      STATUS, 0
0x02E3	0x2AE6      	GOTO       L_ChangeTimeDown40
;Clock_Timer1.c,157 :: 		second--;
0x02E4	0x03A5      	DECF       _second, 1
;Clock_Timer1.c,158 :: 		}
0x02E5	0x2AE8      	GOTO       L_ChangeTimeDown41
L_ChangeTimeDown40:
;Clock_Timer1.c,160 :: 		second = 59;
0x02E6	0x303B      	MOVLW      59
0x02E7	0x00A5      	MOVWF      _second
;Clock_Timer1.c,161 :: 		}
L_ChangeTimeDown41:
;Clock_Timer1.c,162 :: 		break;
0x02E8	0x2AF9      	GOTO       L_ChangeTimeDown32
;Clock_Timer1.c,163 :: 		default:
L_ChangeTimeDown42:
;Clock_Timer1.c,164 :: 		break;
0x02E9	0x2AF9      	GOTO       L_ChangeTimeDown32
;Clock_Timer1.c,165 :: 		}
L_ChangeTimeDown31:
0x02EA	0x1683      	BSF        STATUS, 5
0x02EB	0x1303      	BCF        STATUS, 6
0x02EC	0x0832      	MOVF       FARG_ChangeTimeDown_position, 0
0x02ED	0x3A01      	XORLW      1
0x02EE	0x1903      	BTFSC      STATUS, 2
0x02EF	0x2ACC      	GOTO       L_ChangeTimeDown33
0x02F0	0x0832      	MOVF       FARG_ChangeTimeDown_position, 0
0x02F1	0x3A02      	XORLW      2
0x02F2	0x1903      	BTFSC      STATUS, 2
0x02F3	0x2AD7      	GOTO       L_ChangeTimeDown36
0x02F4	0x0832      	MOVF       FARG_ChangeTimeDown_position, 0
0x02F5	0x3A03      	XORLW      3
0x02F6	0x1903      	BTFSC      STATUS, 2
0x02F7	0x2AE0      	GOTO       L_ChangeTimeDown39
0x02F8	0x2AE9      	GOTO       L_ChangeTimeDown42
L_ChangeTimeDown32:
;Clock_Timer1.c,166 :: 		}
L_end_ChangeTimeDown:
0x02F9	0x0008      	RETURN
; end of _ChangeTimeDown
_main:
0x02FA	0x2362      	CALL       866
;Clock_Timer1.c,224 :: 		void main() {
;Clock_Timer1.c,225 :: 		Lcd_Init();                        // Initialize LCD
0x02FB	0x2236      	CALL       _Lcd_Init
;Clock_Timer1.c,226 :: 		Lcd_Cmd(_LCD_CLEAR);               // Clear display
0x02FC	0x3001      	MOVLW      1
0x02FD	0x00B1      	MOVWF      FARG_Lcd_Cmd_out_char
0x02FE	0x207A      	CALL       _Lcd_Cmd
;Clock_Timer1.c,227 :: 		Lcd_Cmd(_LCD_CURSOR_OFF);          // Cursor off
0x02FF	0x300C      	MOVLW      12
0x0300	0x1683      	BSF        STATUS, 5
0x0301	0x00B1      	MOVWF      FARG_Lcd_Cmd_out_char
0x0302	0x207A      	CALL       _Lcd_Cmd
;Clock_Timer1.c,228 :: 		Welcomm();
0x0303	0x21CD      	CALL       _Welcomm
;Clock_Timer1.c,229 :: 		InitTimer1();
0x0304	0x2285      	CALL       _InitTimer1
;Clock_Timer1.c,230 :: 		InitIoC();
0x0305	0x213A      	CALL       _InitIoC
;Clock_Timer1.c,231 :: 		printClock();
0x0306	0x2146      	CALL       _printClock
;Clock_Timer1.c,233 :: 		while(1){
L_main54:
;Clock_Timer1.c,234 :: 		if(printToLCD){
0x0307	0x0827      	MOVF       _printToLCD, 0
0x0308	0x1903      	BTFSC      STATUS, 2
0x0309	0x2B0C      	GOTO       L_main56
;Clock_Timer1.c,235 :: 		printToLCD = 0;
0x030A	0x01A7      	CLRF       _printToLCD
;Clock_Timer1.c,236 :: 		printClock();
0x030B	0x2146      	CALL       _printClock
;Clock_Timer1.c,237 :: 		}
L_main56:
;Clock_Timer1.c,238 :: 		}
0x030C	0x2B07      	GOTO       L_main54
;Clock_Timer1.c,239 :: 		}
L_end_main:
0x030D	0x2B0D      	GOTO       $+0
; end of _main
0x0362	0x3021      	MOVLW      33
0x0363	0x0084      	MOVWF      FSR
0x0364	0x304F      	MOVLW      79
0x0365	0x1283      	BCF        STATUS, 5
0x0366	0x1303      	BCF        STATUS, 6
0x0367	0x00F0      	MOVWF      R0
0x0368	0x3013      	MOVLW      19
0x0369	0x1683      	BSF        STATUS, 5
0x036A	0x00A0      	MOVWF      ___DoICPAddr
0x036B	0x3003      	MOVLW      3
0x036C	0x00A1      	MOVWF      161
0x036D	0x2293      	CALL       659
0x036E	0x0008      	RETURN
;Clock_Timer1.c,0 :: ?ICS?lstr2_Clock_Timer1
0x0313	0x3444 ;?ICS?lstr2_Clock_Timer1+0
0x0314	0x346F ;?ICS?lstr2_Clock_Timer1+1
0x0315	0x346E ;?ICS?lstr2_Clock_Timer1+2
0x0316	0x3427 ;?ICS?lstr2_Clock_Timer1+3
0x0317	0x3474 ;?ICS?lstr2_Clock_Timer1+4
0x0318	0x3420 ;?ICS?lstr2_Clock_Timer1+5
0x0319	0x3472 ;?ICS?lstr2_Clock_Timer1+6
0x031A	0x3465 ;?ICS?lstr2_Clock_Timer1+7
0x031B	0x3470 ;?ICS?lstr2_Clock_Timer1+8
0x031C	0x3465 ;?ICS?lstr2_Clock_Timer1+9
0x031D	0x3461 ;?ICS?lstr2_Clock_Timer1+10
0x031E	0x3474 ;?ICS?lstr2_Clock_Timer1+11
0x031F	0x3420 ;?ICS?lstr2_Clock_Timer1+12
0x0320	0x3479 ;?ICS?lstr2_Clock_Timer1+13
0x0321	0x346F ;?ICS?lstr2_Clock_Timer1+14
0x0322	0x3475 ;?ICS?lstr2_Clock_Timer1+15
0x0323	0x3472 ;?ICS?lstr2_Clock_Timer1+16
0x0324	0x3473 ;?ICS?lstr2_Clock_Timer1+17
0x0325	0x3465 ;?ICS?lstr2_Clock_Timer1+18
0x0326	0x346C ;?ICS?lstr2_Clock_Timer1+19
0x0327	0x3466 ;?ICS?lstr2_Clock_Timer1+20
0x0328	0x3400 ;?ICS?lstr2_Clock_Timer1+21
; end of ?ICS?lstr2_Clock_Timer1
;Clock_Timer1.c,0 :: ?ICS?lstr1_Clock_Timer1
0x0329	0x3444 ;?ICS?lstr1_Clock_Timer1+0
0x032A	0x3452 ;?ICS?lstr1_Clock_Timer1+1
0x032B	0x3459 ;?ICS?lstr1_Clock_Timer1+2
0x032C	0x3400 ;?ICS?lstr1_Clock_Timer1+3
; end of ?ICS?lstr1_Clock_Timer1
;Clock_Timer1.c,0 :: ?ICS_clock
0x032D	0x3468 ;?ICS_clock+0
0x032E	0x3468 ;?ICS_clock+1
0x032F	0x343A ;?ICS_clock+2
0x0330	0x346D ;?ICS_clock+3
0x0331	0x346D ;?ICS_clock+4
0x0332	0x343A ;?ICS_clock+5
0x0333	0x3473 ;?ICS_clock+6
0x0334	0x3473 ;?ICS_clock+7
0x0335	0x3400 ;?ICS_clock+8
; end of ?ICS_clock
;Clock_Timer1.c,0 :: ?ICS?lstr4_Clock_Timer1
0x0336	0x3420 ;?ICS?lstr4_Clock_Timer1+0
0x0337	0x3420 ;?ICS?lstr4_Clock_Timer1+1
0x0338	0x3420 ;?ICS?lstr4_Clock_Timer1+2
0x0339	0x3420 ;?ICS?lstr4_Clock_Timer1+3
0x033A	0x3420 ;?ICS?lstr4_Clock_Timer1+4
0x033B	0x3420 ;?ICS?lstr4_Clock_Timer1+5
0x033C	0x3420 ;?ICS?lstr4_Clock_Timer1+6
0x033D	0x3420 ;?ICS?lstr4_Clock_Timer1+7
0x033E	0x3420 ;?ICS?lstr4_Clock_Timer1+8
0x033F	0x3400 ;?ICS?lstr4_Clock_Timer1+9
; end of ?ICS?lstr4_Clock_Timer1
;Clock_Timer1.c,0 :: ?ICS?lstr7_Clock_Timer1
0x0340	0x3420 ;?ICS?lstr7_Clock_Timer1+0
0x0341	0x3420 ;?ICS?lstr7_Clock_Timer1+1
0x0342	0x3420 ;?ICS?lstr7_Clock_Timer1+2
0x0343	0x3420 ;?ICS?lstr7_Clock_Timer1+3
0x0344	0x3420 ;?ICS?lstr7_Clock_Timer1+4
0x0345	0x3420 ;?ICS?lstr7_Clock_Timer1+5
0x0346	0x3420 ;?ICS?lstr7_Clock_Timer1+6
0x0347	0x345E ;?ICS?lstr7_Clock_Timer1+7
0x0348	0x3420 ;?ICS?lstr7_Clock_Timer1+8
0x0349	0x3400 ;?ICS?lstr7_Clock_Timer1+9
; end of ?ICS?lstr7_Clock_Timer1
;Clock_Timer1.c,0 :: ?ICS?lstr3_Clock_Timer1
0x034A	0x3444 ;?ICS?lstr3_Clock_Timer1+0
0x034B	0x3452 ;?ICS?lstr3_Clock_Timer1+1
0x034C	0x3459 ;?ICS?lstr3_Clock_Timer1+2
0x034D	0x3400 ;?ICS?lstr3_Clock_Timer1+3
; end of ?ICS?lstr3_Clock_Timer1
;Clock_Timer1.c,0 :: ?ICS?lstr5_Clock_Timer1
0x034E	0x3420 ;?ICS?lstr5_Clock_Timer1+0
0x034F	0x345E ;?ICS?lstr5_Clock_Timer1+1
0x0350	0x3420 ;?ICS?lstr5_Clock_Timer1+2
0x0351	0x3420 ;?ICS?lstr5_Clock_Timer1+3
0x0352	0x3420 ;?ICS?lstr5_Clock_Timer1+4
0x0353	0x3420 ;?ICS?lstr5_Clock_Timer1+5
0x0354	0x3420 ;?ICS?lstr5_Clock_Timer1+6
0x0355	0x3420 ;?ICS?lstr5_Clock_Timer1+7
0x0356	0x3420 ;?ICS?lstr5_Clock_Timer1+8
0x0357	0x3400 ;?ICS?lstr5_Clock_Timer1+9
; end of ?ICS?lstr5_Clock_Timer1
;Clock_Timer1.c,0 :: ?ICS?lstr6_Clock_Timer1
0x0358	0x3420 ;?ICS?lstr6_Clock_Timer1+0
0x0359	0x3420 ;?ICS?lstr6_Clock_Timer1+1
0x035A	0x3420 ;?ICS?lstr6_Clock_Timer1+2
0x035B	0x3420 ;?ICS?lstr6_Clock_Timer1+3
0x035C	0x345E ;?ICS?lstr6_Clock_Timer1+4
0x035D	0x3420 ;?ICS?lstr6_Clock_Timer1+5
0x035E	0x3420 ;?ICS?lstr6_Clock_Timer1+6
0x035F	0x3420 ;?ICS?lstr6_Clock_Timer1+7
0x0360	0x3420 ;?ICS?lstr6_Clock_Timer1+8
0x0361	0x3400 ;?ICS?lstr6_Clock_Timer1+9
; end of ?ICS?lstr6_Clock_Timer1
Symbol List:
//** Routines locations **
//ADDRESS    SIZE    PROCEDURE
//----------------------------------------------
0x0004      [95]    _Interrupt
0x0063       [3]    _Delay_1us
0x0066       [7]    _Delay_50us
0x006D      [13]    _Delay_5500us
0x007A      [94]    _Lcd_Cmd
0x00D8       [9]    _Lcd_Chr_CP
0x00E1      [65]    _Lcd_Out
0x0122      [17]    _Div_8X8_U
0x0133       [7]    _____DoICP
0x013A      [12]    _InitIoC
0x0146     [135]    _printClock
0x01CD     [105]    _Welcomm
0x0236      [79]    _Lcd_Init
0x0285      [14]    _InitTimer1
0x0293      [12]    ___CC2DW
0x029F      [44]    _ChangeTimeUp
0x02CB      [47]    _ChangeTimeDown
0x02FA      [19]    _main
//** Variables locations ** 
//ADDRESS    SIZE    VARIABLE
//----------------------------------------------
0x0000       [1]    INDF
0x0002       [1]    PCL
0x0003       [1]    STATUS
0x0004       [1]    FSR
0x0006       [1]    PORTB
0x0008       [0]    RD4_bit
0x0008       [0]    RD5_bit
0x0008       [0]    RD1_bit
0x0008       [0]    RD0_bit
0x0008       [0]    RD3_bit
0x0008       [0]    RD2_bit
0x0008       [0]    LCD_EN
0x0008       [0]    LCD_RS
0x0008       [0]    LCD_D6
0x0008       [0]    LCD_D4
0x0008       [0]    LCD_D5
0x0008       [0]    LCD_D7
0x000A       [1]    PCLATH
0x000B       [1]    INTCON
0x000B       [0]    RBIF_bit
0x000B       [0]    RBIE_bit
0x000C       [0]    TMR1IF_bit
0x000E       [1]    TMR1L
0x000F       [1]    TMR1H
0x0010       [1]    T1CON
0x0010       [0]    TMR1ON_bit
0x0021      [22]    ?lstr2_Clock_Timer1
0x0037       [4]    ?lstr1_Clock_Timer1
0x003B       [9]    _clock
0x0044      [10]    ?lstr4_Clock_Timer1
0x004E      [10]    ?lstr7_Clock_Timer1
0x0058       [4]    ?lstr3_Clock_Timer1
0x005C      [10]    ?lstr5_Clock_Timer1
0x0066      [10]    ?lstr6_Clock_Timer1
0x0070       [1]    R0
0x0071       [1]    R1
0x0072       [1]    R2
0x0073       [1]    R3
0x0074       [1]    R4
0x0075       [1]    R5
0x0076       [1]    R6
0x0077       [1]    R7
0x0078       [1]    R8
0x0079       [1]    R9
0x007A       [1]    R10
0x007B       [1]    R11
0x007C       [1]    R12
0x007D       [1]    R13
0x007E       [1]    R14
0x007F       [1]    R15
0x0086       [1]    TRISB
0x0088       [0]    LCD_D5_Direction
0x0088       [0]    TRISD4_bit
0x0088       [0]    LCD_D4_Direction
0x0088       [0]    LCD_EN_Direction
0x0088       [0]    TRISD3_bit
0x0088       [0]    LCD_D7_Direction
0x0088       [0]    LCD_D6_Direction
0x0088       [0]    TRISD1_bit
0x0088       [0]    TRISD0_bit
0x0088       [0]    TRISD5_bit
0x0088       [0]    TRISD2_bit
0x0088       [0]    LCD_RS_Direction
0x008C       [0]    TMR1IE_bit
0x0096       [1]    IOCB
0x00A0       [2]    ___DoICPAddr
0x00A2       [1]    _min
0x00A3       [1]    _hour
0x00A4       [1]    _changePosition
0x00A5       [1]    _second
0x00A6       [0]    __Lib_Lcd_cmd_status
0x00A7       [1]    _printToLCD
0x00A8       [1]    ___savePCLATH
0x00A9       [1]    _counter
0x00AA       [1]    ___saveSTATUS
0x00AB       [1]    Welcomm_i_L0
0x00AC       [1]    FARG_Lcd_Out_row
0x00AD       [1]    FARG_Lcd_Out_column
0x00AE       [1]    FARG_Lcd_Out_text
0x00AF       [1]    Lcd_Out_i_L0
0x00B0       [1]    FARG_Lcd_Chr_CP_out_char
0x00B1       [1]    FARG_Lcd_Cmd_out_char
0x00B2       [1]    FARG_ChangeTimeUp_position
0x00B2       [1]    FARG_ChangeTimeDown_position
0x0188       [1]    ANSEL
0x0189       [1]    ANSELH
//** Constants locations ** 
//ADDRESS    SIZE    CONSTANT
//----------------------------------------------
0x0313      [22]    ?ICS?lstr2_Clock_Timer1
0x0329       [4]    ?ICS?lstr1_Clock_Timer1
0x032D       [9]    ?ICS_clock
0x0336      [10]    ?ICS?lstr4_Clock_Timer1
0x0340      [10]    ?ICS?lstr7_Clock_Timer1
0x034A       [4]    ?ICS?lstr3_Clock_Timer1
0x034E      [10]    ?ICS?lstr5_Clock_Timer1
0x0358      [10]    ?ICS?lstr6_Clock_Timer1
